\BOOKMARK [0][-]{section*.2}{Kapitel\374bersicht}{}% 1
\BOOKMARK [0][-]{chapter.1}{Einleitung}{}% 2
\BOOKMARK [1][-]{section.1.1}{Der sechste Kondratieff-Zyklus}{chapter.1}% 3
\BOOKMARK [1][-]{section.1.2}{Wachstumsmarkt Gesundheit}{chapter.1}% 4
\BOOKMARK [1][-]{section.1.3}{Der Studiengang Biomedizinische Technik}{chapter.1}% 5
\BOOKMARK [1][-]{section.1.4}{Das Labor f\374r medizinische Bildverarbeitung, Algorithmen und Krankenhaus IT}{chapter.1}% 6
\BOOKMARK [0][-]{chapter.2}{Anforderungen an eine modulare und erweiterbare Bildverarbeitungssoftware}{}% 7
\BOOKMARK [1][-]{section.2.1}{Evaluierung bestehender Software}{chapter.2}% 8
\BOOKMARK [1][-]{section.2.2}{Slicer 3D}{chapter.2}% 9
\BOOKMARK [1][-]{section.2.3}{ImageJ}{chapter.2}% 10
\BOOKMARK [1][-]{section.2.4}{Anforderungen}{chapter.2}% 11
\BOOKMARK [0][-]{chapter.3}{Grundlagen medizinischer Daten- und Bildformate}{}% 12
\BOOKMARK [1][-]{section.3.1}{Bildgewinnung und bildgebende Verfahren}{chapter.3}% 13
\BOOKMARK [1][-]{section.3.2}{DICOM}{chapter.3}% 14
\BOOKMARK [2][-]{subsection.3.2.1}{Die Dicom Information Object Definitionen}{section.3.2}% 15
\BOOKMARK [2][-]{subsection.3.2.2}{Der Transfer vom Patienten zu digitalen Dicomobjekten}{section.3.2}% 16
\BOOKMARK [2][-]{subsection.3.2.3}{Tags in Datenelementen}{section.3.2}% 17
\BOOKMARK [2][-]{subsection.3.2.4}{VR - Value Representation}{section.3.2}% 18
\BOOKMARK [2][-]{subsection.3.2.5}{VM - Value Multiplicity}{section.3.2}% 19
\BOOKMARK [1][-]{section.3.3}{DICOM Pixeldaten und Bildformate}{chapter.3}% 20
\BOOKMARK [2][-]{subsection.3.3.1}{Kodierung der Pixel im Speicherabbild eine DICOM-Objekts}{section.3.3}% 21
\BOOKMARK [2][-]{subsection.3.3.2}{Grauwertbilder}{section.3.3}% 22
\BOOKMARK [2][-]{subsection.3.3.3}{Farbbilder}{section.3.3}% 23
\BOOKMARK [1][-]{section.3.4}{3D Bilddaten}{chapter.3}% 24
\BOOKMARK [1][-]{section.3.5}{Bilder mit zeitlicher Abh\344ngigkeit}{chapter.3}% 25
\BOOKMARK [0][-]{chapter*.7}{Literaturverzeichnis}{}% 26
\BOOKMARK [0][-]{chapter*.8}{Abbildungsverzeichnis}{}% 27
\BOOKMARK [0][-]{chapter*.9}{Tabellenverzeichnis}{}% 28
\BOOKMARK [0][-]{appendix.A}{Darstellung der DICOM-Elemente im Speicher}{}% 29
\BOOKMARK [1][-]{section.A.1}{Explizite VR mit [ OB \040OW \040OF \040SQ \040UT \040UN ]}{appendix.A}% 30
\BOOKMARK [1][-]{section.A.2}{Explizite VR}{appendix.A}% 31
\BOOKMARK [1][-]{section.A.3}{Implizite VR}{appendix.A}% 32
